android_phone_app/app/build/intermediates/manifest_merge_blame_file/release/manifest-merger-blame-release-report.txt
1<?xml version="1.0" encoding="utf-8"?>
2<manifest xmlns:android="http://schemas.android.com/apk/res/android"
3    package="com.signsync.attendance"
4    android:versionCode="1"
5    android:versionName="1.0" >
6
7    <uses-sdk
8        android:minSdkVersion="26"
9        android:targetSdkVersion="34" />
10
11    <!-- Network permissions -->
12    <uses-permission android:name="android.permission.INTERNET" />
12-->src\main\AndroidManifest.xml:6:5-67
12-->src\main\AndroidManifest.xml:6:22-64
13    <uses-permission android:name="android.permission.ACCESS_NETWORK_STATE" />
13-->src\main\AndroidManifest.xml:7:5-79
13-->src\main\AndroidManifest.xml:7:22-76
14    <uses-permission android:name="android.permission.ACCESS_WIFI_STATE" />
14-->src\main\AndroidManifest.xml:8:5-76
14-->src\main\AndroidManifest.xml:8:22-73
15
16    <!-- Location permissions for attendance tracking -->
17    <uses-permission android:name="android.permission.ACCESS_FINE_LOCATION" />
17-->src\main\AndroidManifest.xml:11:5-79
17-->src\main\AndroidManifest.xml:11:22-76
18    <uses-permission android:name="android.permission.ACCESS_COARSE_LOCATION" />
18-->src\main\AndroidManifest.xml:12:5-81
18-->src\main\AndroidManifest.xml:12:22-78
19
20    <!-- Camera for QR codes and photos -->
21    <uses-permission android:name="android.permission.CAMERA" />
21-->src\main\AndroidManifest.xml:15:5-65
21-->src\main\AndroidManifest.xml:15:22-62
22
23    <!-- Storage for reports and data -->
24    <uses-permission android:name="android.permission.READ_EXTERNAL_STORAGE" />
24-->src\main\AndroidManifest.xml:18:5-80
24-->src\main\AndroidManifest.xml:18:22-77
25    <uses-permission android:name="android.permission.WRITE_EXTERNAL_STORAGE" />
25-->src\main\AndroidManifest.xml:19:5-81
25-->src\main\AndroidManifest.xml:19:22-78
26
27    <!-- Background processing -->
28    <uses-permission android:name="android.permission.WAKE_LOCK" />
28-->src\main\AndroidManifest.xml:22:5-68
28-->src\main\AndroidManifest.xml:22:22-65
29    <uses-permission android:name="android.permission.FOREGROUND_SERVICE" />
29-->src\main\AndroidManifest.xml:23:5-77
29-->src\main\AndroidManifest.xml:23:22-74
30
31    <!-- Vibration for notifications -->
32    <uses-permission android:name="android.permission.VIBRATE" />
32-->src\main\AndroidManifest.xml:26:5-66
32-->src\main\AndroidManifest.xml:26:22-63
33
34    <!-- Phone state for device ID -->
35    <uses-permission android:name="android.permission.READ_PHONE_STATE" />
35-->src\main\AndroidManifest.xml:29:5-75
35-->src\main\AndroidManifest.xml:29:22-72
36    <uses-permission android:name="android.permission.USE_BIOMETRIC" /> <!-- suppress DeprecatedClassUsageInspection -->
36-->[androidx.biometric:biometric:1.1.0] AndroidManifest.xml:24:5-72
36-->[androidx.biometric:biometric:1.1.0] AndroidManifest.xml:24:22-69
37    <uses-permission android:name="android.permission.USE_FINGERPRINT" />
37-->[androidx.biometric:biometric:1.1.0] AndroidManifest.xml:27:5-74
37-->[androidx.biometric:biometric:1.1.0] AndroidManifest.xml:27:22-71
38    <uses-permission android:name="android.permission.RECEIVE_BOOT_COMPLETED" />
38-->[androidx.work:work-runtime:2.8.1] AndroidManifest.xml:25:5-81
38-->[androidx.work:work-runtime:2.8.1] AndroidManifest.xml:25:22-78
39
40    <uses-feature
40-->[com.google.android.gms:play-services-maps:18.1.0] AndroidManifest.xml:26:5-28:35
41        android:glEsVersion="0x00020000"
41-->[com.google.android.gms:play-services-maps:18.1.0] AndroidManifest.xml:27:9-41
42        android:required="true" />
42-->[com.google.android.gms:play-services-maps:18.1.0] AndroidManifest.xml:28:9-32
43
44    <queries>
44-->[com.google.android.gms:play-services-maps:18.1.0] AndroidManifest.xml:30:5-34:15
45
46        <!-- Needs to be explicitly declared on Android R+ -->
47        <package android:name="com.google.android.apps.maps" />
47-->[com.google.android.gms:play-services-maps:18.1.0] AndroidManifest.xml:33:9-64
47-->[com.google.android.gms:play-services-maps:18.1.0] AndroidManifest.xml:33:18-61
48    </queries>
49
50    <permission
50-->[androidx.core:core:1.9.0] AndroidManifest.xml:22:5-24:47
51        android:name="com.signsync.attendance.DYNAMIC_RECEIVER_NOT_EXPORTED_PERMISSION"
51-->[androidx.core:core:1.9.0] AndroidManifest.xml:23:9-81
52        android:protectionLevel="signature" />
52-->[androidx.core:core:1.9.0] AndroidManifest.xml:24:9-44
53
54    <uses-permission android:name="com.signsync.attendance.DYNAMIC_RECEIVER_NOT_EXPORTED_PERMISSION" /> <!-- Don't require camera, as this requires a rear camera. This allows it to work on the Nexus 7 -->
54-->[androidx.core:core:1.9.0] AndroidManifest.xml:26:5-97
54-->[androidx.core:core:1.9.0] AndroidManifest.xml:26:22-94
55    <uses-feature
55-->[com.journeyapps:zxing-android-embedded:4.3.0] AndroidManifest.xml:25:5-27:36
56        android:name="android.hardware.camera"
56-->[com.journeyapps:zxing-android-embedded:4.3.0] AndroidManifest.xml:26:9-47
57        android:required="false" />
57-->[com.journeyapps:zxing-android-embedded:4.3.0] AndroidManifest.xml:27:9-33
58    <uses-feature
58-->[com.journeyapps:zxing-android-embedded:4.3.0] AndroidManifest.xml:28:5-30:36
59        android:name="android.hardware.camera.front"
59-->[com.journeyapps:zxing-android-embedded:4.3.0] AndroidManifest.xml:29:9-53
60        android:required="false" /> <!-- TODO replace above two with next line after Android 4.2 -->
60-->[com.journeyapps:zxing-android-embedded:4.3.0] AndroidManifest.xml:30:9-33
61    <!-- <uses-feature android:name="android.hardware.camera.any"/> -->
62    <uses-feature
62-->[com.journeyapps:zxing-android-embedded:4.3.0] AndroidManifest.xml:33:5-35:36
63        android:name="android.hardware.camera.autofocus"
63-->[com.journeyapps:zxing-android-embedded:4.3.0] AndroidManifest.xml:34:9-57
64        android:required="false" />
64-->[com.journeyapps:zxing-android-embedded:4.3.0] AndroidManifest.xml:35:9-33
65    <uses-feature
65-->[com.journeyapps:zxing-android-embedded:4.3.0] AndroidManifest.xml:36:5-38:36
66        android:name="android.hardware.camera.flash"
66-->[com.journeyapps:zxing-android-embedded:4.3.0] AndroidManifest.xml:37:9-53
67        android:required="false" />
67-->[com.journeyapps:zxing-android-embedded:4.3.0] AndroidManifest.xml:38:9-33
68    <uses-feature
68-->[com.journeyapps:zxing-android-embedded:4.3.0] AndroidManifest.xml:39:5-41:36
69        android:name="android.hardware.screen.landscape"
69-->[com.journeyapps:zxing-android-embedded:4.3.0] AndroidManifest.xml:40:9-57
70        android:required="false" />
70-->[com.journeyapps:zxing-android-embedded:4.3.0] AndroidManifest.xml:41:9-33
71    <uses-feature
71-->[com.journeyapps:zxing-android-embedded:4.3.0] AndroidManifest.xml:42:5-44:36
72        android:name="android.hardware.wifi"
72-->[com.journeyapps:zxing-android-embedded:4.3.0] AndroidManifest.xml:43:9-45
73        android:required="false" />
73-->[com.journeyapps:zxing-android-embedded:4.3.0] AndroidManifest.xml:44:9-33
74
75    <application
75-->src\main\AndroidManifest.xml:31:5-87:19
76        android:allowBackup="true"
76-->src\main\AndroidManifest.xml:32:9-35
77        android:appComponentFactory="androidx.core.app.CoreComponentFactory"
77-->[androidx.core:core:1.9.0] AndroidManifest.xml:28:18-86
78        android:dataExtractionRules="@xml/data_extraction_rules"
78-->src\main\AndroidManifest.xml:33:9-65
79        android:extractNativeLibs="false"
80        android:fullBackupContent="@xml/backup_rules"
80-->src\main\AndroidManifest.xml:34:9-54
81        android:icon="@mipmap/ic_launcher"
81-->src\main\AndroidManifest.xml:35:9-43
82        android:label="@string/app_name"
82-->src\main\AndroidManifest.xml:36:9-41
83        android:networkSecurityConfig="@xml/network_security_config"
83-->src\main\AndroidManifest.xml:39:9-69
84        android:theme="@style/Theme.SignSyncAttendance"
84-->src\main\AndroidManifest.xml:37:9-56
85        android:usesCleartextTraffic="true" >
85-->src\main\AndroidManifest.xml:38:9-44
86
87        <!-- Login Activity - Main Launcher -->
88        <activity
88-->src\main\AndroidManifest.xml:43:9-51:20
89            android:name="com.signsync.attendance.activity.LoginActivity"
89-->src\main\AndroidManifest.xml:44:13-51
90            android:exported="true"
90-->src\main\AndroidManifest.xml:45:13-36
91            android:theme="@style/Theme.SignSyncAttendance.NoActionBar" >
91-->src\main\AndroidManifest.xml:46:13-72
92            <intent-filter>
92-->src\main\AndroidManifest.xml:47:13-50:29
93                <action android:name="android.intent.action.MAIN" />
93-->src\main\AndroidManifest.xml:48:17-69
93-->src\main\AndroidManifest.xml:48:25-66
94
95                <category android:name="android.intent.category.LAUNCHER" />
95-->src\main\AndroidManifest.xml:49:17-77
95-->src\main\AndroidManifest.xml:49:27-74
96            </intent-filter>
97        </activity>
98
99        <!-- Change PIN Activity -->
100        <activity
100-->src\main\AndroidManifest.xml:54:9-57:63
101            android:name="com.signsync.attendance.activity.ChangePinActivity"
101-->src\main\AndroidManifest.xml:55:13-55
102            android:exported="false"
102-->src\main\AndroidManifest.xml:56:13-37
103            android:theme="@style/Theme.SignSyncAttendance" />
103-->src\main\AndroidManifest.xml:57:13-60
104
105        <!-- Simple Employee Portal -->
106        <activity
106-->src\main\AndroidManifest.xml:60:9-63:63
107            android:name="com.signsync.attendance.activity.SimpleEmployeePortalActivity"
107-->src\main\AndroidManifest.xml:61:13-66
108            android:exported="false"
108-->src\main\AndroidManifest.xml:62:13-37
109            android:theme="@style/Theme.SignSyncAttendance" />
109-->src\main\AndroidManifest.xml:63:13-60
110
111        <!-- Enhanced Employee Portal -->
112        <activity
112-->src\main\AndroidManifest.xml:66:9-69:63
113            android:name="com.signsync.attendance.activity.EnhancedEmployeePortalActivity"
113-->src\main\AndroidManifest.xml:67:13-68
114            android:exported="false"
114-->src\main\AndroidManifest.xml:68:13-37
115            android:theme="@style/Theme.SignSyncAttendance" />
115-->src\main\AndroidManifest.xml:69:13-60
116
117        <!-- Login Activity -->
118        <activity
118-->src\main\AndroidManifest.xml:72:9-75:75
119            android:name="com.signsync.attendance.LoginActivity"
119-->src\main\AndroidManifest.xml:73:13-42
120            android:exported="false"
120-->src\main\AndroidManifest.xml:74:13-37
121            android:theme="@style/Theme.SignSyncAttendance.NoActionBar" />
121-->src\main\AndroidManifest.xml:75:13-72
122
123        <!-- Clock In/Out Activity -->
124        <activity
124-->src\main\AndroidManifest.xml:78:9-80:40
125            android:name="com.signsync.attendance.ClockInOutActivity"
125-->src\main\AndroidManifest.xml:79:13-47
126            android:exported="false" />
126-->src\main\AndroidManifest.xml:80:13-37
127
128        <!-- Background sync service -->
129        <service
129-->src\main\AndroidManifest.xml:83:9-85:40
130            android:name="com.signsync.attendance.services.SyncService"
130-->src\main\AndroidManifest.xml:84:13-49
131            android:exported="false" />
131-->src\main\AndroidManifest.xml:85:13-37
132
133        <activity
133-->[com.karumi:dexter:6.2.3] AndroidManifest.xml:27:9-29:72
134            android:name="com.karumi.dexter.DexterActivity"
134-->[com.karumi:dexter:6.2.3] AndroidManifest.xml:28:13-60
135            android:theme="@style/Dexter.Internal.Theme.Transparent" />
135-->[com.karumi:dexter:6.2.3] AndroidManifest.xml:29:13-69
136
137        <provider
137-->[com.github.prolificinteractive:material-calendarview:2.0.1] AndroidManifest.xml:12:9-16:40
138            android:name="com.prolificinteractive.materialcalendarview.MaterialCalendarViewInitProvider"
138-->[com.github.prolificinteractive:material-calendarview:2.0.1] AndroidManifest.xml:13:13-105
139            android:authorities="com.signsync.attendance.materialcalendarviewinitprovider"
139-->[com.github.prolificinteractive:material-calendarview:2.0.1] AndroidManifest.xml:14:13-84
140            android:enabled="true"
140-->[com.github.prolificinteractive:material-calendarview:2.0.1] AndroidManifest.xml:15:13-35
141            android:exported="false" />
141-->[com.github.prolificinteractive:material-calendarview:2.0.1] AndroidManifest.xml:16:13-37
142        <!--
143        Service for holding metadata. Cannot be instantiated.
144        Metadata will be merged from other manifests.
145        -->
146        <service
146-->[androidx.camera:camera-core:1.3.0] AndroidManifest.xml:29:9-33:78
147            android:name="androidx.camera.core.impl.MetadataHolderService"
147-->[androidx.camera:camera-core:1.3.0] AndroidManifest.xml:30:13-75
148            android:enabled="false"
148-->[androidx.camera:camera-core:1.3.0] AndroidManifest.xml:31:13-36
149            android:exported="false" >
149-->[androidx.camera:camera-core:1.3.0] AndroidManifest.xml:32:13-37
150            <meta-data
150-->[androidx.camera:camera-camera2:1.3.0] AndroidManifest.xml:30:13-32:89
151                android:name="androidx.camera.core.impl.MetadataHolderService.DEFAULT_CONFIG_PROVIDER"
151-->[androidx.camera:camera-camera2:1.3.0] AndroidManifest.xml:31:17-103
152                android:value="androidx.camera.camera2.Camera2Config$DefaultProvider" />
152-->[androidx.camera:camera-camera2:1.3.0] AndroidManifest.xml:32:17-86
153        </service>
154
155        <provider
155-->[androidx.work:work-runtime:2.8.1] AndroidManifest.xml:29:9-37:20
156            android:name="androidx.startup.InitializationProvider"
156-->[androidx.work:work-runtime:2.8.1] AndroidManifest.xml:30:13-67
157            android:authorities="com.signsync.attendance.androidx-startup"
157-->[androidx.work:work-runtime:2.8.1] AndroidManifest.xml:31:13-68
158            android:exported="false" >
158-->[androidx.work:work-runtime:2.8.1] AndroidManifest.xml:32:13-37
159            <meta-data
159-->[androidx.work:work-runtime:2.8.1] AndroidManifest.xml:34:13-36:52
160                android:name="androidx.work.WorkManagerInitializer"
160-->[androidx.work:work-runtime:2.8.1] AndroidManifest.xml:35:17-68
161                android:value="androidx.startup" />
161-->[androidx.work:work-runtime:2.8.1] AndroidManifest.xml:36:17-49
162            <meta-data
162-->[androidx.emoji2:emoji2:1.2.0] AndroidManifest.xml:29:13-31:52
163                android:name="androidx.emoji2.text.EmojiCompatInitializer"
163-->[androidx.emoji2:emoji2:1.2.0] AndroidManifest.xml:30:17-75
164                android:value="androidx.startup" />
164-->[androidx.emoji2:emoji2:1.2.0] AndroidManifest.xml:31:17-49
165            <meta-data
165-->[androidx.lifecycle:lifecycle-process:2.7.0] AndroidManifest.xml:29:13-31:52
166                android:name="androidx.lifecycle.ProcessLifecycleInitializer"
166-->[androidx.lifecycle:lifecycle-process:2.7.0] AndroidManifest.xml:30:17-78
167                android:value="androidx.startup" />
167-->[androidx.lifecycle:lifecycle-process:2.7.0] AndroidManifest.xml:31:17-49
168            <meta-data
168-->[androidx.profileinstaller:profileinstaller:1.3.0] AndroidManifest.xml:29:13-31:52
169                android:name="androidx.profileinstaller.ProfileInstallerInitializer"
169-->[androidx.profileinstaller:profileinstaller:1.3.0] AndroidManifest.xml:30:17-85
170                android:value="androidx.startup" />
170-->[androidx.profileinstaller:profileinstaller:1.3.0] AndroidManifest.xml:31:17-49
171        </provider>
172
173        <service
173-->[androidx.work:work-runtime:2.8.1] AndroidManifest.xml:39:9-45:35
174            android:name="androidx.work.impl.background.systemalarm.SystemAlarmService"
174-->[androidx.work:work-runtime:2.8.1] AndroidManifest.xml:40:13-88
175            android:directBootAware="false"
175-->[androidx.work:work-runtime:2.8.1] AndroidManifest.xml:41:13-44
176            android:enabled="@bool/enable_system_alarm_service_default"
176-->[androidx.work:work-runtime:2.8.1] AndroidManifest.xml:42:13-72
177            android:exported="false" />
177-->[androidx.work:work-runtime:2.8.1] AndroidManifest.xml:43:13-37
178        <service
178-->[androidx.work:work-runtime:2.8.1] AndroidManifest.xml:46:9-52:35
179            android:name="androidx.work.impl.background.systemjob.SystemJobService"
179-->[androidx.work:work-runtime:2.8.1] AndroidManifest.xml:47:13-84
180            android:directBootAware="false"
180-->[androidx.work:work-runtime:2.8.1] AndroidManifest.xml:48:13-44
181            android:enabled="@bool/enable_system_job_service_default"
181-->[androidx.work:work-runtime:2.8.1] AndroidManifest.xml:49:13-70
182            android:exported="true"
182-->[androidx.work:work-runtime:2.8.1] AndroidManifest.xml:50:13-36
183            android:permission="android.permission.BIND_JOB_SERVICE" />
183-->[androidx.work:work-runtime:2.8.1] AndroidManifest.xml:51:13-69
184        <service
184-->[androidx.work:work-runtime:2.8.1] AndroidManifest.xml:53:9-59:35
185            android:name="androidx.work.impl.foreground.SystemForegroundService"
185-->[androidx.work:work-runtime:2.8.1] AndroidManifest.xml:54:13-81
186            android:directBootAware="false"
186-->[androidx.work:work-runtime:2.8.1] AndroidManifest.xml:55:13-44
187            android:enabled="@bool/enable_system_foreground_service_default"
187-->[androidx.work:work-runtime:2.8.1] AndroidManifest.xml:56:13-77
188            android:exported="false" />
188-->[androidx.work:work-runtime:2.8.1] AndroidManifest.xml:57:13-37
189
190        <receiver
190-->[androidx.work:work-runtime:2.8.1] AndroidManifest.xml:61:9-66:35
191            android:name="androidx.work.impl.utils.ForceStopRunnable$BroadcastReceiver"
191-->[androidx.work:work-runtime:2.8.1] AndroidManifest.xml:62:13-88
192            android:directBootAware="false"
192-->[androidx.work:work-runtime:2.8.1] AndroidManifest.xml:63:13-44
193            android:enabled="true"
193-->[androidx.work:work-runtime:2.8.1] AndroidManifest.xml:64:13-35
194            android:exported="false" />
194-->[androidx.work:work-runtime:2.8.1] AndroidManifest.xml:65:13-37
195        <receiver
195-->[androidx.work:work-runtime:2.8.1] AndroidManifest.xml:67:9-77:20
196            android:name="androidx.work.impl.background.systemalarm.ConstraintProxy$BatteryChargingProxy"
196-->[androidx.work:work-runtime:2.8.1] AndroidManifest.xml:68:13-106
197            android:directBootAware="false"
197-->[androidx.work:work-runtime:2.8.1] AndroidManifest.xml:69:13-44
198            android:enabled="false"
198-->[androidx.work:work-runtime:2.8.1] AndroidManifest.xml:70:13-36
199            android:exported="false" >
199-->[androidx.work:work-runtime:2.8.1] AndroidManifest.xml:71:13-37
200            <intent-filter>
200-->[androidx.work:work-runtime:2.8.1] AndroidManifest.xml:73:13-76:29
201                <action android:name="android.intent.action.ACTION_POWER_CONNECTED" />
201-->[androidx.work:work-runtime:2.8.1] AndroidManifest.xml:74:17-87
201-->[androidx.work:work-runtime:2.8.1] AndroidManifest.xml:74:25-84
202                <action android:name="android.intent.action.ACTION_POWER_DISCONNECTED" />
202-->[androidx.work:work-runtime:2.8.1] AndroidManifest.xml:75:17-90
202-->[androidx.work:work-runtime:2.8.1] AndroidManifest.xml:75:25-87
203            </intent-filter>
204        </receiver>
205        <receiver
205-->[androidx.work:work-runtime:2.8.1] AndroidManifest.xml:78:9-88:20
206            android:name="androidx.work.impl.background.systemalarm.ConstraintProxy$BatteryNotLowProxy"
206-->[androidx.work:work-runtime:2.8.1] AndroidManifest.xml:79:13-104
207            android:directBootAware="false"
207-->[androidx.work:work-runtime:2.8.1] AndroidManifest.xml:80:13-44
208            android:enabled="false"
208-->[androidx.work:work-runtime:2.8.1] AndroidManifest.xml:81:13-36
209            android:exported="false" >
209-->[androidx.work:work-runtime:2.8.1] AndroidManifest.xml:82:13-37
210            <intent-filter>
210-->[androidx.work:work-runtime:2.8.1] AndroidManifest.xml:84:13-87:29
211                <action android:name="android.intent.action.BATTERY_OKAY" />
211-->[androidx.work:work-runtime:2.8.1] AndroidManifest.xml:85:17-77
211-->[androidx.work:work-runtime:2.8.1] AndroidManifest.xml:85:25-74
212                <action android:name="android.intent.action.BATTERY_LOW" />
212-->[androidx.work:work-runtime:2.8.1] AndroidManifest.xml:86:17-76
212-->[androidx.work:work-runtime:2.8.1] AndroidManifest.xml:86:25-73
213            </intent-filter>
214        </receiver>
215        <receiver
215-->[androidx.work:work-runtime:2.8.1] AndroidManifest.xml:89:9-99:20
216            android:name="androidx.work.impl.background.systemalarm.ConstraintProxy$StorageNotLowProxy"
216-->[androidx.work:work-runtime:2.8.1] AndroidManifest.xml:90:13-104
217            android:directBootAware="false"
217-->[androidx.work:work-runtime:2.8.1] AndroidManifest.xml:91:13-44
218            android:enabled="false"
218-->[androidx.work:work-runtime:2.8.1] AndroidManifest.xml:92:13-36
219            android:exported="false" >
219-->[androidx.work:work-runtime:2.8.1] AndroidManifest.xml:93:13-37
220            <intent-filter>
220-->[androidx.work:work-runtime:2.8.1] AndroidManifest.xml:95:13-98:29
221                <action android:name="android.intent.action.DEVICE_STORAGE_LOW" />
221-->[androidx.work:work-runtime:2.8.1] AndroidManifest.xml:96:17-83
221-->[androidx.work:work-runtime:2.8.1] AndroidManifest.xml:96:25-80
222                <action android:name="android.intent.action.DEVICE_STORAGE_OK" />
222-->[androidx.work:work-runtime:2.8.1] AndroidManifest.xml:97:17-82
222-->[androidx.work:work-runtime:2.8.1] AndroidManifest.xml:97:25-79
223            </intent-filter>
224        </receiver>
225        <receiver
225-->[androidx.work:work-runtime:2.8.1] AndroidManifest.xml:100:9-109:20
226            android:name="androidx.work.impl.background.systemalarm.ConstraintProxy$NetworkStateProxy"
226-->[androidx.work:work-runtime:2.8.1] AndroidManifest.xml:101:13-103
227            android:directBootAware="false"
227-->[androidx.work:work-runtime:2.8.1] AndroidManifest.xml:102:13-44
228            android:enabled="false"
228-->[androidx.work:work-runtime:2.8.1] AndroidManifest.xml:103:13-36
229            android:exported="false" >
229-->[androidx.work:work-runtime:2.8.1] AndroidManifest.xml:104:13-37
230            <intent-filter>
230-->[androidx.work:work-runtime:2.8.1] AndroidManifest.xml:106:13-108:29
231                <action android:name="android.net.conn.CONNECTIVITY_CHANGE" />
231-->[androidx.work:work-runtime:2.8.1] AndroidManifest.xml:107:17-79
231-->[androidx.work:work-runtime:2.8.1] AndroidManifest.xml:107:25-76
232            </intent-filter>
233        </receiver>
234        <receiver
234-->[androidx.work:work-runtime:2.8.1] AndroidManifest.xml:110:9-121:20
235            android:name="androidx.work.impl.background.systemalarm.RescheduleReceiver"
235-->[androidx.work:work-runtime:2.8.1] AndroidManifest.xml:111:13-88
236            android:directBootAware="false"
236-->[androidx.work:work-runtime:2.8.1] AndroidManifest.xml:112:13-44
237            android:enabled="false"
237-->[androidx.work:work-runtime:2.8.1] AndroidManifest.xml:113:13-36
238            android:exported="false" >
238-->[androidx.work:work-runtime:2.8.1] AndroidManifest.xml:114:13-37
239            <intent-filter>
239-->[androidx.work:work-runtime:2.8.1] AndroidManifest.xml:116:13-120:29
240                <action android:name="android.intent.action.BOOT_COMPLETED" />
240-->[androidx.work:work-runtime:2.8.1] AndroidManifest.xml:117:17-79
240-->[androidx.work:work-runtime:2.8.1] AndroidManifest.xml:117:25-76
241                <action android:name="android.intent.action.TIME_SET" />
241-->[androidx.work:work-runtime:2.8.1] AndroidManifest.xml:118:17-73
241-->[androidx.work:work-runtime:2.8.1] AndroidManifest.xml:118:25-70
242                <action android:name="android.intent.action.TIMEZONE_CHANGED" />
242-->[androidx.work:work-runtime:2.8.1] AndroidManifest.xml:119:17-81
242-->[androidx.work:work-runtime:2.8.1] AndroidManifest.xml:119:25-78
243            </intent-filter>
244        </receiver>
245        <receiver
245-->[androidx.work:work-runtime:2.8.1] AndroidManifest.xml:122:9-131:20
246            android:name="androidx.work.impl.background.systemalarm.ConstraintProxyUpdateReceiver"
246-->[androidx.work:work-runtime:2.8.1] AndroidManifest.xml:123:13-99
247            android:directBootAware="false"
247-->[androidx.work:work-runtime:2.8.1] AndroidManifest.xml:124:13-44
248            android:enabled="@bool/enable_system_alarm_service_default"
248-->[androidx.work:work-runtime:2.8.1] AndroidManifest.xml:125:13-72
249            android:exported="false" >
249-->[androidx.work:work-runtime:2.8.1] AndroidManifest.xml:126:13-37
250            <intent-filter>
250-->[androidx.work:work-runtime:2.8.1] AndroidManifest.xml:128:13-130:29
251                <action android:name="androidx.work.impl.background.systemalarm.UpdateProxies" />
251-->[androidx.work:work-runtime:2.8.1] AndroidManifest.xml:129:17-98
251-->[androidx.work:work-runtime:2.8.1] AndroidManifest.xml:129:25-95
252            </intent-filter>
253        </receiver>
254        <receiver
254-->[androidx.work:work-runtime:2.8.1] AndroidManifest.xml:132:9-142:20
255            android:name="androidx.work.impl.diagnostics.DiagnosticsReceiver"
255-->[androidx.work:work-runtime:2.8.1] AndroidManifest.xml:133:13-78
256            android:directBootAware="false"
256-->[androidx.work:work-runtime:2.8.1] AndroidManifest.xml:134:13-44
257            android:enabled="true"
257-->[androidx.work:work-runtime:2.8.1] AndroidManifest.xml:135:13-35
258            android:exported="true"
258-->[androidx.work:work-runtime:2.8.1] AndroidManifest.xml:136:13-36
259            android:permission="android.permission.DUMP" >
259-->[androidx.work:work-runtime:2.8.1] AndroidManifest.xml:137:13-57
260            <intent-filter>
260-->[androidx.work:work-runtime:2.8.1] AndroidManifest.xml:139:13-141:29
261                <action android:name="androidx.work.diagnostics.REQUEST_DIAGNOSTICS" />
261-->[androidx.work:work-runtime:2.8.1] AndroidManifest.xml:140:17-88
261-->[androidx.work:work-runtime:2.8.1] AndroidManifest.xml:140:25-85
262            </intent-filter>
263        </receiver> <!-- Needs to be explicitly declared on P+ -->
264        <uses-library
264-->[com.google.android.gms:play-services-maps:18.1.0] AndroidManifest.xml:39:9-41:40
265            android:name="org.apache.http.legacy"
265-->[com.google.android.gms:play-services-maps:18.1.0] AndroidManifest.xml:40:13-50
266            android:required="false" />
266-->[com.google.android.gms:play-services-maps:18.1.0] AndroidManifest.xml:41:13-37
267
268        <activity
268-->[com.google.android.gms:play-services-base:18.1.0] AndroidManifest.xml:20:9-22:45
269            android:name="com.google.android.gms.common.api.GoogleApiActivity"
269-->[com.google.android.gms:play-services-base:18.1.0] AndroidManifest.xml:20:19-85
270            android:exported="false"
270-->[com.google.android.gms:play-services-base:18.1.0] AndroidManifest.xml:22:19-43
271            android:theme="@android:style/Theme.Translucent.NoTitleBar" />
271-->[com.google.android.gms:play-services-base:18.1.0] AndroidManifest.xml:21:19-78
272
273        <meta-data
273-->[com.google.android.gms:play-services-basement:18.1.0] AndroidManifest.xml:21:9-23:69
274            android:name="com.google.android.gms.version"
274-->[com.google.android.gms:play-services-basement:18.1.0] AndroidManifest.xml:22:13-58
275            android:value="@integer/google_play_services_version" />
275-->[com.google.android.gms:play-services-basement:18.1.0] AndroidManifest.xml:23:13-66
276
277        <uses-library
277-->[androidx.window:window:1.0.0] AndroidManifest.xml:25:9-27:40
278            android:name="androidx.window.extensions"
278-->[androidx.window:window:1.0.0] AndroidManifest.xml:26:13-54
279            android:required="false" />
279-->[androidx.window:window:1.0.0] AndroidManifest.xml:27:13-37
280        <uses-library
280-->[androidx.window:window:1.0.0] AndroidManifest.xml:28:9-30:40
281            android:name="androidx.window.sidecar"
281-->[androidx.window:window:1.0.0] AndroidManifest.xml:29:13-51
282            android:required="false" />
282-->[androidx.window:window:1.0.0] AndroidManifest.xml:30:13-37
283
284        <activity
284-->[com.journeyapps:zxing-android-embedded:4.3.0] AndroidManifest.xml:47:9-53:63
285            android:name="com.journeyapps.barcodescanner.CaptureActivity"
285-->[com.journeyapps:zxing-android-embedded:4.3.0] AndroidManifest.xml:48:13-74
286            android:clearTaskOnLaunch="true"
286-->[com.journeyapps:zxing-android-embedded:4.3.0] AndroidManifest.xml:49:13-45
287            android:screenOrientation="sensorLandscape"
287-->[com.journeyapps:zxing-android-embedded:4.3.0] AndroidManifest.xml:50:13-56
288            android:stateNotNeeded="true"
288-->[com.journeyapps:zxing-android-embedded:4.3.0] AndroidManifest.xml:51:13-42
289            android:theme="@style/zxing_CaptureTheme"
289-->[com.journeyapps:zxing-android-embedded:4.3.0] AndroidManifest.xml:52:13-54
290            android:windowSoftInputMode="stateAlwaysHidden" />
290-->[com.journeyapps:zxing-android-embedded:4.3.0] AndroidManifest.xml:53:13-60
291
292        <service
292-->[androidx.room:room-runtime:2.5.0] AndroidManifest.xml:24:9-28:63
293            android:name="androidx.room.MultiInstanceInvalidationService"
293-->[androidx.room:room-runtime:2.5.0] AndroidManifest.xml:25:13-74
294            android:directBootAware="true"
294-->[androidx.room:room-runtime:2.5.0] AndroidManifest.xml:26:13-43
295            android:exported="false" />
295-->[androidx.room:room-runtime:2.5.0] AndroidManifest.xml:27:13-37
296
297        <receiver